<?xml version="1.0" encoding="UTF-8"?>
<!-- Generated by org.testng.reporters.JUnitReportReporter -->
<testsuite skipped="0" hostname="HIBACL127073" name="com.inetBanking.TestCases.TC_AddCustomer_003" tests="1" failures="0" timestamp="2020-05-21T11:25:28 IST" time="21.241" errors="0">
  <testcase name="addNewCustomer" time="21.241" classname="com.inetBanking.TestCases.TC_AddCustomer_003"/>
  <system-out/>
</testsuite> <!-- com.inetBanking.TestCases.TC_AddCustomer_003 -->
